0 info it worked if it ends with ok
1 verbose cli [ '/usr/local/Cellar/node/6.2.2/bin/node',
1 verbose cli   '/usr/local/bin/npm',
1 verbose cli   'run',
1 verbose cli   'commit' ]
2 info using npm@3.9.5
3 info using node@v6.2.2
4 verbose run-script [ 'precommit', 'commit', 'postcommit' ]
5 info lifecycle int-to-streak@0.0.0-semantically-released~precommit: int-to-streak@0.0.0-semantically-released
6 silly lifecycle int-to-streak@0.0.0-semantically-released~precommit: no script for precommit, continuing
7 info lifecycle int-to-streak@0.0.0-semantically-released~commit: int-to-streak@0.0.0-semantically-released
8 verbose lifecycle int-to-streak@0.0.0-semantically-released~commit: unsafe-perm in lifecycle true
9 verbose lifecycle int-to-streak@0.0.0-semantically-released~commit: PATH: /usr/local/lib/node_modules/npm/bin/node-gyp-bin:/Users/cdub/code/int-to-streak/node_modules/.bin:/usr/local/Cellar/node/6.2.2/bin:/Users/cdub/code/google-cloud-sdk/bin:/usr/bin:/bin:/usr/sbin:/sbin:/usr/local/bin
10 verbose lifecycle int-to-streak@0.0.0-semantically-released~commit: CWD: /Users/cdub/code/int-to-streak
11 silly lifecycle int-to-streak@0.0.0-semantically-released~commit: Args: [ '-c', 'git-cz' ]
12 silly lifecycle int-to-streak@0.0.0-semantically-released~commit: Returned: code: 1  signal: null
13 info lifecycle int-to-streak@0.0.0-semantically-released~commit: Failed to exec commit script
14 verbose stack Error: int-to-streak@0.0.0-semantically-released commit: `git-cz`
14 verbose stack Exit status 1
14 verbose stack     at EventEmitter.<anonymous> (/usr/local/lib/node_modules/npm/lib/utils/lifecycle.js:245:16)
14 verbose stack     at emitTwo (events.js:106:13)
14 verbose stack     at EventEmitter.emit (events.js:191:7)
14 verbose stack     at ChildProcess.<anonymous> (/usr/local/lib/node_modules/npm/lib/utils/spawn.js:24:14)
14 verbose stack     at emitTwo (events.js:106:13)
14 verbose stack     at ChildProcess.emit (events.js:191:7)
14 verbose stack     at maybeClose (internal/child_process.js:852:16)
14 verbose stack     at Process.ChildProcess._handle.onexit (internal/child_process.js:215:5)
15 verbose pkgid int-to-streak@0.0.0-semantically-released
16 verbose cwd /Users/cdub/code/int-to-streak
17 error Darwin 15.5.0
18 error argv "/usr/local/Cellar/node/6.2.2/bin/node" "/usr/local/bin/npm" "run" "commit"
19 error node v6.2.2
20 error npm  v3.9.5
21 error code ELIFECYCLE
22 error int-to-streak@0.0.0-semantically-released commit: `git-cz`
22 error Exit status 1
23 error Failed at the int-to-streak@0.0.0-semantically-released commit script 'git-cz'.
23 error Make sure you have the latest version of node.js and npm installed.
23 error If you do, this is most likely a problem with the int-to-streak package,
23 error not with npm itself.
23 error Tell the author that this fails on your system:
23 error     git-cz
23 error You can get information on how to open an issue for this project with:
23 error     npm bugs int-to-streak
23 error Or if that isn't available, you can get their info via:
23 error     npm owner ls int-to-streak
23 error There is likely additional logging output above.
24 verbose exit [ 1, true ]
